Arguments: 
  /usr/local/Cellar/node/14.13.0/bin/node /usr/local/Cellar/yarn/1.22.5/libexec/bin/yarn.js login

PATH: 
  /Users/yaroslav/.rvm/gems/ruby-2.7.1/bin:/Users/yaroslav/.rvm/gems/ruby-2.7.1@global/bin:/Users/yaroslav/.rvm/rubies/ruby-2.7.1/bin:/Users/yaroslav/Documents/Projects/Backend/go/bin:/Library/Frameworks/Python.framework/Versions/3.6/bin:/Library/Frameworks/Python.framework/Versions/2.7/bin:/Library/Frameworks/Python.framework/Versions/3.6/bin:/usr/local/sbin:/usr/local/opt/ruby20/bin:/usr/local/lib/ruby/gems/2.0.0/bin:/usr/local/bin:/usr/bin:/bin:/usr/sbin:/sbin:/Users/yaroslav/.rvm/bin

Yarn version: 
  1.22.5

Node version: 
  14.13.0

Platform: 
  darwin x64

Trace: 
  Error: canceled
      at Interface.<anonymous> (/usr/local/Cellar/yarn/1.22.5/libexec/lib/cli.js:137009:13)
      at Interface.emit (events.js:314:20)
      at Interface._ttyWrite (readline.js:875:16)
      at ReadStream.onkeypress (readline.js:213:10)
      at ReadStream.emit (events.js:314:20)
      at emitKeys (internal/readline/utils.js:344:14)
      at emitKeys.next (<anonymous>)
      at ReadStream.onData (readline.js:1144:36)
      at ReadStream.emit (events.js:314:20)
      at addChunk (_stream_readable.js:307:12)

npm manifest: 
  No manifest

yarn manifest: 
  No manifest

Lockfile: 
  No lockfile
